This is pdfTeX, Version 3.14159265-2.6-1.40.19 (MiKTeX 2.9.6840 64-bit) (preloaded format=pdflatex 2018.10.8)  23 OCT 2018 21:38
entering extended mode
**./RAIT_BE_Report.tex
(RAIT_BE_Report.tex
LaTeX2e <2018-04-01> patch level 5
(final_raitreport.cls

LaTeX Warning: You have requested document class `final_raitreport',
               but the document class provides `iitbaps'.

Document Class: iitbaps 2007/06/25 IIT Bombay Annual Preogress Report Format
Document Class `iitbaps' v0.5beta <13 August 07>
("C:\Users\shubh\AppData\Local\Programs\MiKTeX 2.9\tex\latex\base\report.cls"
Document Class: report 2014/09/29 v1.4h Standard LaTeX document class
("C:\Users\shubh\AppData\Local\Programs\MiKTeX 2.9\tex\latex\base\size12.clo"
File: size12.clo 2014/09/29 v1.4h Standard LaTeX file (size option)
)
\c@part=\count80
\c@chapter=\count81
\c@section=\count82
\c@subsection=\count83
\c@subsubsection=\count84
\c@paragraph=\count85
\c@subparagraph=\count86
\c@figure=\count87
\c@table=\count88
\abovecaptionskip=\skip41
\belowcaptionskip=\skip42
\bibindent=\dimen102
)
Two side is false
)
("C:\Users\shubh\AppData\Local\Programs\MiKTeX 2.9\tex\latex\graphics\graphicx.
sty"
Package: graphicx 2017/06/01 v1.1a Enhanced LaTeX Graphics (DPC,SPQR)

("C:\Users\shubh\AppData\Local\Programs\MiKTeX 2.9\tex\latex\graphics\keyval.st
y"
Package: keyval 2014/10/28 v1.15 key=value parser (DPC)
\KV@toks@=\toks14
)
("C:\Users\shubh\AppData\Local\Programs\MiKTeX 2.9\tex\latex\graphics\graphics.
sty"
Package: graphics 2017/06/25 v1.2c Standard LaTeX Graphics (DPC,SPQR)

("C:\Users\shubh\AppData\Local\Programs\MiKTeX 2.9\tex\latex\graphics\trig.sty"
Package: trig 2016/01/03 v1.10 sin cos tan (DPC)
)
("C:\Users\shubh\AppData\Local\Programs\MiKTeX 2.9\tex\latex\graphics-cfg\graph
ics.cfg"
File: graphics.cfg 2016/06/04 v1.11 sample graphics configuration
)
Package graphics Info: Driver file: pdftex.def on input line 99.

("C:\Users\shubh\AppData\Local\Programs\MiKTeX 2.9\tex\latex\graphics-def\pdfte
x.def"
File: pdftex.def 2018/01/08 v1.0l Graphics/color driver for pdftex
))
\Gin@req@height=\dimen103
\Gin@req@width=\dimen104
)
("C:\Users\shubh\AppData\Local\Programs\MiKTeX 2.9\tex\latex\appendix\appendix.
sty"
Package: appendix 2009/09/02 v1.2b extra appendix facilities
\c@@pps=\count89
\c@@ppsavesec=\count90
\c@@ppsaveapp=\count91
) (RAIT_BE_Report.aux (final_report_prelude.aux) (Chapter_1/chap1.aux)
(Appendix_1/appendix1.aux))
\openout1 = `RAIT_BE_Report.aux'.

LaTeX Font Info:    Checking defaults for OML/cmm/m/it on input line 19.
LaTeX Font Info:    ... okay on input line 19.
LaTeX Font Info:    Checking defaults for T1/cmr/m/n on input line 19.
LaTeX Font Info:    ... okay on input line 19.
LaTeX Font Info:    Checking defaults for OT1/cmr/m/n on input line 19.
LaTeX Font Info:    ... okay on input line 19.
LaTeX Font Info:    Checking defaults for OMS/cmsy/m/n on input line 19.
LaTeX Font Info:    ... okay on input line 19.
LaTeX Font Info:    Checking defaults for OMX/cmex/m/n on input line 19.
LaTeX Font Info:    ... okay on input line 19.
LaTeX Font Info:    Checking defaults for U/cmr/m/n on input line 19.
LaTeX Font Info:    ... okay on input line 19.

("C:\Users\shubh\AppData\Local\Programs\MiKTeX 2.9\tex\context\base\supp-pdf.mk
ii"
[Loading MPS to PDF converter (version 2006.09.02).]
\scratchcounter=\count92
\scratchdimen=\dimen105
\scratchbox=\box26
\nofMPsegments=\count93
\nofMParguments=\count94
\everyMPshowfont=\toks15
\MPscratchCnt=\count95
\MPscratchDim=\dimen106
\MPnumerator=\count96
\makeMPintoPDFobject=\count97
\everyMPtoPDFconversion=\toks16
)
("C:\Users\shubh\AppData\Local\Programs\MiKTeX 2.9\tex\latex\oberdiek\epstopdf-
base.sty"
Package: epstopdf-base 2016/05/15 v2.6 Base part for package epstopdf

("C:\Users\shubh\AppData\Local\Programs\MiKTeX 2.9\tex\generic\oberdiek\infware
rr.sty"
Package: infwarerr 2016/05/16 v1.4 Providing info/warning/error messages (HO)
)
("C:\Users\shubh\AppData\Local\Programs\MiKTeX 2.9\tex\latex\oberdiek\grfext.st
y"
Package: grfext 2016/05/16 v1.2 Manage graphics extensions (HO)

("C:\Users\shubh\AppData\Local\Programs\MiKTeX 2.9\tex\generic\oberdiek\kvdefin
ekeys.sty"
Package: kvdefinekeys 2016/05/16 v1.4 Define keys (HO)

("C:\Users\shubh\AppData\Local\Programs\MiKTeX 2.9\tex\generic\oberdiek\ltxcmds
.sty"
Package: ltxcmds 2016/05/16 v1.23 LaTeX kernel commands for general use (HO)
)))
("C:\Users\shubh\AppData\Local\Programs\MiKTeX 2.9\tex\latex\oberdiek\kvoptions
.sty"
Package: kvoptions 2016/05/16 v3.12 Key value format for package options (HO)

("C:\Users\shubh\AppData\Local\Programs\MiKTeX 2.9\tex\generic\oberdiek\kvsetke
ys.sty"
Package: kvsetkeys 2016/05/16 v1.17 Key value parser (HO)

("C:\Users\shubh\AppData\Local\Programs\MiKTeX 2.9\tex\generic\oberdiek\etexcmd
s.sty"
Package: etexcmds 2016/05/16 v1.6 Avoid name clashes with e-TeX commands (HO)

("C:\Users\shubh\AppData\Local\Programs\MiKTeX 2.9\tex\generic\oberdiek\ifluate
x.sty"
Package: ifluatex 2016/05/16 v1.4 Provides the ifluatex switch (HO)
Package ifluatex Info: LuaTeX not detected.
)
Package etexcmds Info: Could not find \expanded.
(etexcmds)             That can mean that you are not using pdfTeX 1.50 or
(etexcmds)             that some package has redefined \expanded.
(etexcmds)             In the latter case, load this package earlier.
)))
("C:\Users\shubh\AppData\Local\Programs\MiKTeX 2.9\tex\generic\oberdiek\pdftexc
mds.sty"
Package: pdftexcmds 2018/09/10 v0.29 Utility functions of pdfTeX for LuaTeX (HO
)

("C:\Users\shubh\AppData\Local\Programs\MiKTeX 2.9\tex\generic\oberdiek\ifpdf.s
ty"
Package: ifpdf 2018/09/07 v3.3 Provides the ifpdf switch
)
Package pdftexcmds Info: LuaTeX not detected.
Package pdftexcmds Info: \pdf@primitive is available.
Package pdftexcmds Info: \pdf@ifprimitive is available.
Package pdftexcmds Info: \pdfdraftmode found.
)
Package epstopdf-base Info: Redefining graphics rule for `.eps' on input line 4
38.
Package grfext Info: Graphics extension search list:
(grfext)             [.pdf,.png,.jpg,.mps,.jpeg,.jbig2,.jb2,.PDF,.PNG,.JPG,.JPE
G,.JBIG2,.JB2,.eps]
(grfext)             \AppendGraphicsExtensions on input line 456.
)
\openout2 = `final_report_prelude.aux'.

 (final_report_prelude.tex
<raitlogo.png, id=1, 184.2885pt x 69.642pt>
File: raitlogo.png Graphic file (type png)
<use raitlogo.png>
Package pdftex.def Info: raitlogo.png  used on input line 27.
(pdftex.def)             Requested size: 184.28804pt x 69.64182pt.
 [1



{C:/Users/shubh/AppData/Local/MiKTeX/2.9/pdftex/config/pdftex.map} <./raitlogo.
png>]
File: raitlogo.png Graphic file (type png)
<use raitlogo.png>
Package pdftex.def Info: raitlogo.png  used on input line 33.
(pdftex.def)             Requested size: 184.28804pt x 69.64182pt.
<Figures/university.png, id=8, 294.8616pt x 252.945pt>
File: Figures/university.png Graphic file (type png)
<use Figures/university.png>
Package pdftex.def Info: Figures/university.png  used on input line 50.
(pdftex.def)             Requested size: 136.5746pt x 117.1589pt.
LaTeX Font Info:    External font `cmex10' loaded for size
(Font)              <14.4> on input line 52.
LaTeX Font Info:    External font `cmex10' loaded for size
(Font)              <7> on input line 52.

Overfull \hbox (23.66826pt too wide) in paragraph at lines 50--61
 [] 
 []

[1

 <./Figures/university.png>]
File: raitlogo.png Graphic file (type png)
<use raitlogo.png>
Package pdftex.def Info: raitlogo.png  used on input line 67.
(pdftex.def)             Requested size: 184.28804pt x 69.64182pt.

Underfull \hbox (badness 10000) in paragraph at lines 80--84

 []

LaTeX Font Info:    External font `cmex10' loaded for size
(Font)              <12> on input line 85.
LaTeX Font Info:    External font `cmex10' loaded for size
(Font)              <8> on input line 85.
LaTeX Font Info:    External font `cmex10' loaded for size
(Font)              <6> on input line 85.
[2

] [3


] [4

] (RAIT_BE_Report.toc)
\tf@toc=\write3
\openout3 = `RAIT_BE_Report.toc'.

\c@theorem=\count98
 [5

])
\openout2 = `Chapter_1/chap1.aux'.

 (Chapter_1/chap1.tex
Chapter 1.
<Figures/dev_intro.png, id=27, 612.03656pt x 155.83218pt>
File: Figures/dev_intro.png Graphic file (type png)
<use Figures/dev_intro.png>
Package pdftex.def Info: Figures/dev_intro.png  used on input line 9.
(pdftex.def)             Requested size: 409.71689pt x 104.31903pt.
[1




 <./Figures/dev_intro.png>]
Chapter 2.
<Figures/ocr.jpg, id=32, 1666.225pt x 568.1225pt>
File: Figures/ocr.jpg Graphic file (type jpg)
<use Figures/ocr.jpg>
Package pdftex.def Info: Figures/ocr.jpg  used on input line 31.
(pdftex.def)             Requested size: 409.71689pt x 139.69835pt.
[2

 <./Figures/ocr.jpg>] [3]
Chapter 3.
<Figures/scanning.jpg, id=39, 1204.5pt x 677.53125pt>
File: Figures/scanning.jpg Graphic file (type jpg)
<use Figures/scanning.jpg>
Package pdftex.def Info: Figures/scanning.jpg  used on input line 61.
(pdftex.def)             Requested size: 318.66946pt x 179.25545pt.
[4

 <./Figures/scanning.jpg>] [5]
<Figures/binarization.png, id=46, 433.62pt x 197.23688pt>
File: Figures/binarization.png Graphic file (type png)
<use Figures/binarization.png>
Package pdftex.def Info: Figures/binarization.png  used on input line 98.
(pdftex.def)             Requested size: 409.71689pt x 186.37476pt.
<Figures/charseg.jpg, id=47, 416.30531pt x 140.77594pt>
File: Figures/charseg.jpg Graphic file (type jpg)
<use Figures/charseg.jpg>
Package pdftex.def Info: Figures/charseg.jpg  used on input line 112.
(pdftex.def)             Requested size: 409.71689pt x 138.55447pt.
 [6 <./Figures/binarization.png>] [7 <./Figures/charseg.jpg>]
<Figures/histogram.png, id=55, 433.62pt x 288.3272pt>
File: Figures/histogram.png Graphic file (type png)
<use Figures/histogram.png>
Package pdftex.def Info: Figures/histogram.png  used on input line 142.
(pdftex.def)             Requested size: 318.66946pt x 211.90253pt.
 [8 <./Figures/histogram.png>]
<Figures/glcm_features.png, id=60, 430.60875pt x 281.55188pt>
File: Figures/glcm_features.png Graphic file (type png)
<use Figures/glcm_features.png>
Package pdftex.def Info: Figures/glcm_features.png  used on input line 169.
(pdftex.def)             Requested size: 409.71689pt x 267.89807pt.
 [9 <./Figures/glcm_features.png>]
[10] [11]
Chapter 4.
[12

]
Chapter 5.
[13

]
Chapter 6.
) [14

] (bibliography.tex

! LaTeX Error: Something's wrong--perhaps a missing \item.

See the LaTeX manual or LaTeX Companion for explanation.
Type  H <return>  for immediate help.
 ...                                              
                                                  
l.5 \begin{enumerate}
                     
Try typing  <return>  to proceed.
If that doesn't work, type  X <return>  to quit.

) [15



]
\openout2 = `Appendix_1/appendix1.aux'.

 (Appendix_1/appendix1.tex) (RAIT_BE_Report.aux (final_report_prelude.aux) (Cha
pter_1/chap1.aux) (Appendix_1/appendix1.aux)) ) 
Here is how much of TeX's memory you used:
 1729 strings out of 492970
 26364 string characters out of 3126594
 90270 words of memory out of 3000000
 5566 multiletter control sequences out of 15000+200000
 10030 words of font info for 35 fonts, out of 3000000 for 9000
 1141 hyphenation exceptions out of 8191
 41i,7n,25p,1688b,218s stack positions out of 5000i,500n,10000p,200000b,50000s
<C:/Users/shubh/AppData/Local/Pr
ograms/MiKTeX 2.9/fonts/type1/public/amsfonts/cm/cmbx12.pfb><C:/Users/shubh/App
Data/Local/Programs/MiKTeX 2.9/fonts/type1/public/amsfonts/cm/cmr10.pfb><C:/Use
rs/shubh/AppData/Local/Programs/MiKTeX 2.9/fonts/type1/public/amsfonts/cm/cmr12
.pfb>
Output written on RAIT_BE_Report.pdf (21 pages, 1084370 bytes).
PDF statistics:
 95 PDF objects out of 1000 (max. 8388607)
 0 named destinations out of 1000 (max. 500000)
 46 words of extra memory for PDF output out of 10000 (max. 10000000)

